2024-06-13 08:06:30,314 [INFO] Activator:178 - 


2024-06-13 08:06:30,332 [INFO] Activator:179 - !SESSION log4j initialized
2024-06-13 08:07:11,125 [INFO] ApplicationProperties:181 - Using Application install path: D:\C\PROGRAMS\ST\STM32CubeIDE_1.4.0\STM32CubeIDE\plugins\com.st.stm32cube.common.mx_6.0.0.202007160824
2024-06-13 08:07:11,173 [INFO] DbMcusXml:70 - Set database path to: D:\C\PROGRAMS\ST\STM32CubeIDE_1.4.0\STM32CubeIDE\plugins\com.st.stm32cube.common.mx_6.0.0.202007160824\\db\/mcu/
2024-06-13 08:07:11,178 [INFO] DbBoardsPdsc:56 - Set plugin database path to: D:\C\PROGRAMS\ST\STM32CubeIDE_1.4.0\STM32CubeIDE\plugins\com.st.stm32cube.common.mx_6.0.0.202007160824\\db\/plugins/boardmanager/
2024-06-13 08:07:11,178 [INFO] DbMcus:258 - Set plugin images path to: D:\C\PROGRAMS\ST\STM32CubeIDE_1.4.0\STM32CubeIDE\plugins\com.st.stm32cube.common.mx_6.0.0.202007160824\\db\/plugins/mcufinder/images/
2024-06-13 08:07:11,178 [INFO] DbBoards:264 - Set plugin images path to: D:\C\PROGRAMS\ST\STM32CubeIDE_1.4.0\STM32CubeIDE\plugins\com.st.stm32cube.common.mx_6.0.0.202007160824\\db\/plugins/mcufinder/images/
2024-06-13 08:07:11,183 [INFO] DbExamples:326 - Set plugin images path to: D:\C\PROGRAMS\ST\STM32CubeIDE_1.4.0\STM32CubeIDE\plugins\com.st.stm32cube.common.mx_6.0.0.202007160824\\db\/plugins/mcufinder/images/
2024-06-13 08:07:11,213 [INFO] DbMcusDocs:112 - Set database path to: C:\Users\zero100\.stmcufinder\plugins\mcufinder//mcu/
2024-06-13 08:07:11,218 [INFO] DbMcusJson:63 - Set database path to: C:\Users\zero100\.stmcufinder\plugins\mcufinder//mcu/
2024-06-13 08:07:11,218 [INFO] DbBoardsDocs:112 - Set database path to: C:\Users\zero100\.stmcufinder\plugins\mcufinder//mcu/
2024-06-13 08:07:11,218 [INFO] DbBoardsJson:56 - Set database path to: C:\Users\zero100\.stmcufinder\plugins\mcufinder//mcu/
2024-06-13 08:07:11,243 [INFO] CrossReferenceDbSqlite:196 - Set database path to: C:\Users\zero100\.stmcufinder\plugins\mcufinder//mcu/cs/
2024-06-13 08:07:11,249 [INFO] DbExamplesSqlite:800 - Set database path to: C:\Users\zero100\.stmcufinder\plugins\mcufinder//mcu/
2024-06-13 08:07:11,534 [INFO] RulesReader:52 - Compatibility file has been processed (209 Rules)
2024-06-13 08:07:11,730 [INFO] MicroXplorer:564 - Detected Java Version = 1.8.0_252
2024-06-13 08:07:11,730 [INFO] DbMcusXml:70 - Set database path to: D:\C\PROGRAMS\ST\STM32CubeIDE_1.4.0\STM32CubeIDE\plugins\com.st.stm32cube.common.mx_6.0.0.202007160824\\db\/mcu/
2024-06-13 08:07:11,730 [INFO] DbBoardsPdsc:56 - Set plugin database path to: D:\C\PROGRAMS\ST\STM32CubeIDE_1.4.0\STM32CubeIDE\plugins\com.st.stm32cube.common.mx_6.0.0.202007160824\\db\/plugins/boardmanager/
2024-06-13 08:07:11,730 [INFO] DbMcus:258 - Set plugin images path to: D:\C\PROGRAMS\ST\STM32CubeIDE_1.4.0\STM32CubeIDE\plugins\com.st.stm32cube.common.mx_6.0.0.202007160824\\db\/plugins/mcufinder/images/
2024-06-13 08:07:11,730 [INFO] DbBoards:264 - Set plugin images path to: D:\C\PROGRAMS\ST\STM32CubeIDE_1.4.0\STM32CubeIDE\plugins\com.st.stm32cube.common.mx_6.0.0.202007160824\\db\/plugins/mcufinder/images/
2024-06-13 08:07:11,730 [INFO] DbExamples:326 - Set plugin images path to: D:\C\PROGRAMS\ST\STM32CubeIDE_1.4.0\STM32CubeIDE\plugins\com.st.stm32cube.common.mx_6.0.0.202007160824\\db\/plugins/mcufinder/images/
2024-06-13 08:07:11,730 [WARN] DbFile:36 - Overriding database path with different value: C:\Users\zero100\.stmcufinder\plugins\mcufinder/ => C:\Users\zero100\.stmcufinder\plugins\mcufinder
2024-06-13 08:07:11,730 [INFO] DbMcusDocs:112 - Set database path to: C:\Users\zero100\.stmcufinder\plugins\mcufinder//mcu/
2024-06-13 08:07:11,730 [WARN] DbFile:36 - Overriding database path with different value: C:\Users\zero100\.stmcufinder\plugins\mcufinder/ => C:\Users\zero100\.stmcufinder\plugins\mcufinder
2024-06-13 08:07:11,730 [INFO] DbMcusJson:63 - Set database path to: C:\Users\zero100\.stmcufinder\plugins\mcufinder//mcu/
2024-06-13 08:07:11,730 [WARN] DbFile:36 - Overriding database path with different value: C:\Users\zero100\.stmcufinder\plugins\mcufinder/ => C:\Users\zero100\.stmcufinder\plugins\mcufinder
2024-06-13 08:07:11,730 [INFO] DbBoardsDocs:112 - Set database path to: C:\Users\zero100\.stmcufinder\plugins\mcufinder//mcu/
2024-06-13 08:07:11,730 [WARN] DbFile:36 - Overriding database path with different value: C:\Users\zero100\.stmcufinder\plugins\mcufinder/ => C:\Users\zero100\.stmcufinder\plugins\mcufinder
2024-06-13 08:07:11,730 [INFO] DbBoardsJson:56 - Set database path to: C:\Users\zero100\.stmcufinder\plugins\mcufinder//mcu/
2024-06-13 08:07:11,730 [WARN] DbFile:36 - Overriding database path with different value: C:\Users\zero100\.stmcufinder\plugins\mcufinder/ => C:\Users\zero100\.stmcufinder\plugins\mcufinder
2024-06-13 08:07:11,730 [WARN] DbFile:36 - Overriding database path with different value: C:\Users\zero100\.stmcufinder\plugins\mcufinder/ => C:\Users\zero100\.stmcufinder\plugins\mcufinder
2024-06-13 08:07:11,730 [INFO] CrossReferenceDbSqlite:196 - Set database path to: C:\Users\zero100\.stmcufinder\plugins\mcufinder//mcu/cs/
2024-06-13 08:07:11,730 [WARN] DbFile:36 - Overriding database path with different value: C:\Users\zero100\.stmcufinder\plugins\mcufinder/ => C:\Users\zero100\.stmcufinder\plugins\mcufinder
2024-06-13 08:07:11,730 [INFO] DbExamplesSqlite:800 - Set database path to: C:\Users\zero100\.stmcufinder\plugins\mcufinder//mcu/
2024-06-13 08:07:11,890 [INFO] MainPanel:189 - HeapMemory: 395313152
2024-06-13 08:07:12,102 [INFO] DbMcusXml:70 - Set database path to: D:\C\PROGRAMS\ST\STM32CubeIDE_1.4.0\STM32CubeIDE\plugins\com.st.stm32cube.common.mx_6.0.0.202007160824\\db\/mcu/
2024-06-13 08:07:12,102 [INFO] DbBoardsPdsc:56 - Set plugin database path to: D:\C\PROGRAMS\ST\STM32CubeIDE_1.4.0\STM32CubeIDE\plugins\com.st.stm32cube.common.mx_6.0.0.202007160824\\db\/plugins/boardmanager/
2024-06-13 08:07:12,102 [INFO] DbMcus:258 - Set plugin images path to: D:\C\PROGRAMS\ST\STM32CubeIDE_1.4.0\STM32CubeIDE\plugins\com.st.stm32cube.common.mx_6.0.0.202007160824\\db\/plugins/mcufinder/images/
2024-06-13 08:07:12,102 [INFO] DbBoards:264 - Set plugin images path to: D:\C\PROGRAMS\ST\STM32CubeIDE_1.4.0\STM32CubeIDE\plugins\com.st.stm32cube.common.mx_6.0.0.202007160824\\db\/plugins/mcufinder/images/
2024-06-13 08:07:12,102 [INFO] DbExamples:326 - Set plugin images path to: D:\C\PROGRAMS\ST\STM32CubeIDE_1.4.0\STM32CubeIDE\plugins\com.st.stm32cube.common.mx_6.0.0.202007160824\\db\/plugins/mcufinder/images/
2024-06-13 08:07:12,107 [WARN] DbFile:36 - Overriding database path with different value: C:\Users\zero100\.stmcufinder\plugins\mcufinder/ => C:\Users\zero100\.stmcufinder\plugins\mcufinder
2024-06-13 08:07:12,107 [INFO] DbMcusDocs:112 - Set database path to: C:\Users\zero100\.stmcufinder\plugins\mcufinder//mcu/
2024-06-13 08:07:12,107 [WARN] DbFile:36 - Overriding database path with different value: C:\Users\zero100\.stmcufinder\plugins\mcufinder/ => C:\Users\zero100\.stmcufinder\plugins\mcufinder
2024-06-13 08:07:12,107 [INFO] DbMcusJson:63 - Set database path to: C:\Users\zero100\.stmcufinder\plugins\mcufinder//mcu/
2024-06-13 08:07:12,107 [WARN] DbFile:36 - Overriding database path with different value: C:\Users\zero100\.stmcufinder\plugins\mcufinder/ => C:\Users\zero100\.stmcufinder\plugins\mcufinder
2024-06-13 08:07:12,107 [INFO] DbBoardsDocs:112 - Set database path to: C:\Users\zero100\.stmcufinder\plugins\mcufinder//mcu/
2024-06-13 08:07:12,107 [WARN] DbFile:36 - Overriding database path with different value: C:\Users\zero100\.stmcufinder\plugins\mcufinder/ => C:\Users\zero100\.stmcufinder\plugins\mcufinder
2024-06-13 08:07:12,107 [INFO] DbBoardsJson:56 - Set database path to: C:\Users\zero100\.stmcufinder\plugins\mcufinder//mcu/
2024-06-13 08:07:12,107 [WARN] DbFile:36 - Overriding database path with different value: C:\Users\zero100\.stmcufinder\plugins\mcufinder/ => C:\Users\zero100\.stmcufinder\plugins\mcufinder
2024-06-13 08:07:12,107 [WARN] DbFile:36 - Overriding database path with different value: C:\Users\zero100\.stmcufinder\plugins\mcufinder/ => C:\Users\zero100\.stmcufinder\plugins\mcufinder
2024-06-13 08:07:12,107 [INFO] CrossReferenceDbSqlite:196 - Set database path to: C:\Users\zero100\.stmcufinder\plugins\mcufinder//mcu/cs/
2024-06-13 08:07:12,107 [WARN] DbFile:36 - Overriding database path with different value: C:\Users\zero100\.stmcufinder\plugins\mcufinder/ => C:\Users\zero100\.stmcufinder\plugins\mcufinder
2024-06-13 08:07:12,107 [INFO] DbExamplesSqlite:800 - Set database path to: C:\Users\zero100\.stmcufinder\plugins\mcufinder//mcu/
2024-06-13 08:07:12,136 [INFO] ApplicationProperties:181 - Using Application install path: D:\C\PROGRAMS\ST\STM32CubeIDE_1.4.0\STM32CubeIDE\plugins\com.st.stm32cube.common.mx_6.0.0.202007160824
2024-06-13 08:07:12,136 [INFO] PluginManage:178 - Search for loadable plugins [exclusion list=, ]
2024-06-13 08:07:12,136 [INFO] PluginManage:292 - Check plugin analytics
2024-06-13 08:07:12,438 [INFO] AnalyticsPlugin:203 - Accepted Software Licenses: 
2024-06-13 08:07:12,439 [INFO] AnalyticsPlugin:205 - Accepted CMSIS Pack Licenses: 
2024-06-13 08:07:12,440 [INFO] AnalyticsPlugin:207 - Accepted Firmware Licenses: 
2024-06-13 08:07:12,441 [INFO] PluginManage:342 - Loaded plugin analytics (category:tool,tabindex:-1)
2024-06-13 08:07:12,441 [INFO] PluginManage:292 - Check plugin clock
2024-06-13 08:07:12,496 [INFO] PluginManage:342 - Loaded plugin clock (category:base,tabindex:2)
2024-06-13 08:07:12,496 [INFO] PluginManage:292 - Check plugin ddr
2024-06-13 08:07:12,501 [INFO] PluginManage:342 - Loaded plugin ddr (category:tool,tabindex:6)
2024-06-13 08:07:12,501 [INFO] PluginManage:292 - Check plugin filemanager
2024-06-13 08:07:12,744 [INFO] PluginManage:342 - Loaded plugin filemanager (category:base,tabindex:10)
2024-06-13 08:07:12,744 [INFO] PluginManage:292 - Check plugin ipmanager
2024-06-13 08:07:12,770 [INFO] PluginManage:342 - Loaded plugin ipmanager (category:base,tabindex:5)
2024-06-13 08:07:12,770 [INFO] PluginManage:292 - Check plugin pinoutandconfiguration
2024-06-13 08:07:12,811 [INFO] PluginManage:342 - Loaded plugin pinoutandconfiguration (category:base,tabindex:1)
2024-06-13 08:07:12,811 [INFO] PluginManage:292 - Check plugin pinoutconfig
2024-06-13 08:07:12,894 [INFO] PluginManage:342 - Loaded plugin pinoutconfig (category:base,tabindex:0)
2024-06-13 08:07:12,894 [INFO] PluginManage:292 - Check plugin power
2024-06-13 08:07:12,961 [INFO] PluginManage:342 - Loaded plugin power (category:power,tabindex:4)
2024-06-13 08:07:12,961 [INFO] PluginManage:292 - Check plugin projectmanager
2024-06-13 08:07:12,983 [INFO] PluginManage:342 - Loaded plugin projectmanager (category:projectmanager,tabindex:3)
2024-06-13 08:07:12,983 [INFO] PluginManage:292 - Check plugin thirdparty
2024-06-13 08:07:13,197 [INFO] ThirdPartyDb:333 - Open Third Party DataBase File (C:/Users/zero100/.stm32cubemx/plugins/thirdparty/db/thirdparties_db.xml) : 86 ms. number of Sw pack : 48
2024-06-13 08:07:13,207 [INFO] PluginManage:342 - Loaded plugin thirdparty (category:base,tabindex:-1)
2024-06-13 08:07:13,207 [INFO] PluginManage:292 - Check plugin tools
2024-06-13 08:07:13,299 [INFO] PluginManage:342 - Loaded plugin tools (category:base,tabindex:7)
2024-06-13 08:07:13,299 [INFO] PluginManage:292 - Check plugin tutovideos
2024-06-13 08:07:13,763 [INFO] PluginManage:342 - Loaded plugin tutovideos (category:base,tabindex:-1)
2024-06-13 08:07:13,764 [INFO] PluginManage:292 - Check plugin updater
2024-06-13 08:07:13,795 [INFO] PluginManage:342 - Loaded plugin updater (category:base,tabindex:12)
2024-06-13 08:07:13,801 [INFO] PluginManage:265 - PluginManage : Loaded plugins [13]
2024-06-13 08:07:14,144 [INFO] PinOutPanel:1418 - setPackage(No Configuration,No Configuration)
2024-06-13 08:07:14,356 [INFO] IPUIPlugin:64 - create IPUIPlugin
2024-06-13 08:07:14,356 [INFO] PluginManager:200 - loadIPPluginJar : add adc
2024-06-13 08:07:14,403 [INFO] IPUIPlugin:64 - create IPUIPlugin
2024-06-13 08:07:14,403 [INFO] PluginManager:200 - loadIPPluginJar : add aes
2024-06-13 08:07:14,452 [INFO] IPUIPlugin:64 - create IPUIPlugin
2024-06-13 08:07:14,452 [INFO] PluginManager:200 - loadIPPluginJar : add can
2024-06-13 08:07:14,482 [INFO] IPUIPlugin:64 - create IPUIPlugin
2024-06-13 08:07:14,482 [INFO] PluginManager:200 - loadIPPluginJar : add comp
2024-06-13 08:07:14,537 [INFO] IPUIPlugin:64 - create IPUIPlugin
2024-06-13 08:07:14,537 [INFO] PluginManager:200 - loadIPPluginJar : add cryp
2024-06-13 08:07:14,579 [INFO] IPUIPlugin:64 - create IPUIPlugin
2024-06-13 08:07:14,584 [INFO] PluginManager:200 - loadIPPluginJar : add dfsdm
2024-06-13 08:07:14,606 [INFO] IPUIPlugin:64 - create IPUIPlugin
2024-06-13 08:07:14,606 [INFO] PluginManager:200 - loadIPPluginJar : add dma
2024-06-13 08:07:14,636 [INFO] IPUIPlugin:64 - create IPUIPlugin
2024-06-13 08:07:14,636 [INFO] PluginManager:200 - loadIPPluginJar : add fatfs
2024-06-13 08:07:14,709 [INFO] IPUIPlugin:64 - create IPUIPlugin
2024-06-13 08:07:14,709 [INFO] PluginManager:200 - loadIPPluginJar : add fmc
2024-06-13 08:07:14,744 [INFO] IPUIPlugin:64 - create IPUIPlugin
2024-06-13 08:07:14,744 [INFO] PluginManager:200 - loadIPPluginJar : add freertos
2024-06-13 08:07:14,789 [INFO] IPUIPlugin:64 - create IPUIPlugin
2024-06-13 08:07:14,789 [INFO] PluginManager:200 - loadIPPluginJar : add genericplugin
2024-06-13 08:07:14,891 [INFO] IPUIPlugin:64 - create IPUIPlugin
2024-06-13 08:07:14,896 [INFO] PluginManager:200 - loadIPPluginJar : add gfxmmu
2024-06-13 08:07:15,039 [INFO] IPUIPlugin:64 - create IPUIPlugin
2024-06-13 08:07:15,044 [INFO] PluginManager:200 - loadIPPluginJar : add gic
2024-06-13 08:07:15,059 [INFO] IPUIPlugin:64 - create IPUIPlugin
2024-06-13 08:07:15,059 [INFO] PluginManager:200 - loadIPPluginJar : add gpio
2024-06-13 08:07:15,151 [INFO] IPUIPlugin:64 - create IPUIPlugin
2024-06-13 08:07:15,151 [INFO] PluginManager:200 - loadIPPluginJar : add gtzc
2024-06-13 08:07:15,201 [INFO] IPUIPlugin:64 - create IPUIPlugin
2024-06-13 08:07:15,201 [INFO] PluginManager:200 - loadIPPluginJar : add hash
2024-06-13 08:07:15,286 [INFO] IPUIPlugin:64 - create IPUIPlugin
2024-06-13 08:07:15,286 [INFO] PluginManager:200 - loadIPPluginJar : add i2c
2024-06-13 08:07:15,341 [INFO] IPUIPlugin:64 - create IPUIPlugin
2024-06-13 08:07:15,341 [INFO] PluginManager:200 - loadIPPluginJar : add i2s
2024-06-13 08:07:15,361 [INFO] IPUIPlugin:64 - create IPUIPlugin
2024-06-13 08:07:15,361 [INFO] PluginManager:200 - loadIPPluginJar : add ipddr
2024-06-13 08:07:15,411 [INFO] IPUIPlugin:64 - create IPUIPlugin
2024-06-13 08:07:15,411 [INFO] PluginManager:200 - loadIPPluginJar : add ltdc
2024-06-13 08:07:15,428 [INFO] IPUIPlugin:64 - create IPUIPlugin
2024-06-13 08:07:15,428 [INFO] PluginManager:200 - loadIPPluginJar : add mdma
2024-06-13 08:07:15,444 [INFO] IPUIPlugin:64 - create IPUIPlugin
2024-06-13 08:07:15,444 [INFO] PluginManager:200 - loadIPPluginJar : add nvic
2024-06-13 08:07:15,494 [INFO] IPUIPlugin:64 - create IPUIPlugin
2024-06-13 08:07:15,494 [INFO] PluginManager:200 - loadIPPluginJar : add opamp
2024-06-13 08:07:15,570 [INFO] IPUIPlugin:64 - create IPUIPlugin
2024-06-13 08:07:15,570 [INFO] PluginManager:200 - loadIPPluginJar : add openamp
2024-06-13 08:07:15,625 [INFO] IPUIPlugin:64 - create IPUIPlugin
2024-06-13 08:07:15,630 [INFO] PluginManager:200 - loadIPPluginJar : add pdm2pcm
2024-06-13 08:07:15,645 [INFO] IPUIPlugin:64 - create IPUIPlugin
2024-06-13 08:07:15,650 [INFO] PluginManager:200 - loadIPPluginJar : add plateformsettings
2024-06-13 08:07:15,707 [INFO] IPUIPlugin:64 - create IPUIPlugin
2024-06-13 08:07:15,707 [INFO] PluginManager:200 - loadIPPluginJar : add quadspi
2024-06-13 08:07:15,722 [INFO] IPUIPlugin:64 - create IPUIPlugin
2024-06-13 08:07:15,722 [INFO] PluginManager:200 - loadIPPluginJar : add resmgrutility
2024-06-13 08:07:15,860 [INFO] IPUIPlugin:64 - create IPUIPlugin
2024-06-13 08:07:15,861 [INFO] PluginManager:200 - loadIPPluginJar : add sai
2024-06-13 08:07:15,993 [INFO] IPUIPlugin:64 - create IPUIPlugin
2024-06-13 08:07:15,993 [INFO] PluginManager:200 - loadIPPluginJar : add spi
2024-06-13 08:07:16,130 [INFO] IPUIPlugin:64 - create IPUIPlugin
2024-06-13 08:07:16,130 [INFO] PluginManager:200 - loadIPPluginJar : add stm32_wpan
2024-06-13 08:07:16,191 [INFO] IPUIPlugin:64 - create IPUIPlugin
2024-06-13 08:07:16,191 [INFO] PluginManager:200 - loadIPPluginJar : add tim
2024-06-13 08:07:16,323 [INFO] IPUIPlugin:64 - create IPUIPlugin
2024-06-13 08:07:16,323 [INFO] PluginManager:200 - loadIPPluginJar : add touchsensing
2024-06-13 08:07:16,391 [INFO] IPUIPlugin:64 - create IPUIPlugin
2024-06-13 08:07:16,391 [INFO] PluginManager:200 - loadIPPluginJar : add tracer_emb
2024-06-13 08:07:16,469 [INFO] IPUIPlugin:64 - create IPUIPlugin
2024-06-13 08:07:16,480 [INFO] PluginManager:200 - loadIPPluginJar : add ts
2024-06-13 08:07:16,560 [INFO] IPUIPlugin:64 - create IPUIPlugin
2024-06-13 08:07:16,560 [INFO] PluginManager:200 - loadIPPluginJar : add tsc
2024-06-13 08:07:16,620 [INFO] IPUIPlugin:64 - create IPUIPlugin
2024-06-13 08:07:16,620 [INFO] PluginManager:200 - loadIPPluginJar : add ucpd
2024-06-13 08:07:16,773 [INFO] IPUIPlugin:64 - create IPUIPlugin
2024-06-13 08:07:16,773 [INFO] PluginManager:200 - loadIPPluginJar : add usart
2024-06-13 08:07:17,931 [INFO] CubeProgrammer:457 - [DDR PANEL] - PathOfProgrammer: null
2024-06-13 08:07:18,792 [FATAL] Updater:282 - Updater called before beeing initialized
2024-06-13 08:07:19,116 [FATAL] Updater:282 - Updater called before beeing initialized
2024-06-13 08:07:19,116 [WARN] ThirdParty:775 - waiting for thirdparty lock release [close project]
2024-06-13 08:07:19,116 [INFO] ThirdParty:777 - entering critical section [close project]
2024-06-13 08:07:19,116 [INFO] ThirdParty:790 - exiting critical section [close project]
2024-06-13 08:07:19,116 [INFO] PinOutPanel:1418 - setPackage(No Configuration,No Configuration)
2024-06-13 08:07:19,121 [FATAL] Updater:282 - Updater called before beeing initialized
2024-06-13 08:07:19,145 [ERROR] Updater:967 - MainUpdater not yet initialized. External WinMGr cannot be set.
2024-06-13 08:07:19,145 [INFO] CubeProgrammer:457 - [DDR PANEL] - PathOfProgrammer: D:\C\PROGRAMS\ST\STM32CubeIDE_1.4.0\STM32CubeIDE\plugins\com.st.stm32cube.ide.mcu.externaltools.cubeprogrammer.win32_1.4.0.202007081208\tools\bin
2024-06-13 08:07:19,150 [INFO] ProgrammerExecThread:148 - [ProgrammerAPI] CubeProgrammer command construction: D:\C\PROGRAMS\ST\STM32CubeIDE_1.4.0\STM32CubeIDE\plugins\com.st.stm32cube.ide.mcu.externaltools.cubeprogrammer.win32_1.4.0.202007081208\tools\bin\STM32_Programmer_CLI.exe -l
2024-06-13 08:07:19,897 [INFO] MainDdrPanel:49 - [DDR PANEL] SETTER - Set cubeProgrammerPath to: D:\C\PROGRAMS\ST\STM32CubeIDE_1.4.0\STM32CubeIDE\plugins\com.st.stm32cube.ide.mcu.externaltools.cubeprogrammer.win32_1.4.0.202007081208\tools\bin
2024-06-13 08:07:20,178 [INFO] Updater:904 - Updater Version found : 6.0.0
2024-06-13 08:07:20,213 [INFO] ApplicationProperties:181 - Using Application install path: D:\C\PROGRAMS\ST\STM32CubeIDE_1.4.0\STM32CubeIDE\plugins\com.st.stm32cube.common.mx_6.0.0.202007160824
2024-06-13 08:07:21,135 [INFO] MainUpdater:2268 - connection check result : 10
2024-06-13 08:07:21,135 [INFO] MainUpdater:2935 - Updater definition file requires update
2024-06-13 08:07:21,140 [INFO] MainUpdater:239 - Updater Check For Update Now.
2024-06-13 08:07:21,140 [INFO] MicroXplorer:414 - Change Database Version : DB.6.0.0
2024-06-13 08:07:21,509 [INFO] ServerAccessManage:348 - Download File updaters.zip
2024-06-13 08:07:21,892 [INFO] FileExtend:225 - Unzip File : updaters.zip
2024-06-13 08:07:21,892 [INFO] FileExtend:240 - Standard Zip Deflate
2024-06-13 08:07:22,239 [WARN] IntegrityCheckThread:61 - waiting for thirdparty lock release [integrity check]
2024-06-13 08:07:22,239 [INFO] IntegrityCheckThread:63 - entering critical section [integrity check]
2024-06-13 08:07:22,240 [WARN] MainUpdater:1087 - Updater busy. Cannot search thirdparties
2024-06-13 08:07:22,827 [INFO] ServerAccessManage:348 - Download File PacksControlFlags.xml
2024-06-13 08:07:23,322 [INFO] ServerAccessManage:348 - Download File cubemx.pidx
2024-06-13 08:07:24,676 [INFO] ServerAccessManage:348 - Download File STMicroelectronics.X-CUBE-ALS.pdsc
2024-06-13 08:07:25,240 [WARN] MainUpdater:1087 - Updater busy. Cannot search thirdparties
2024-06-13 08:07:26,943 [INFO] ServerAccessManage:348 - Download File STMicroelectronics.X-CUBE-ALGOBUILD.pdsc
2024-06-13 08:07:28,251 [WARN] MainUpdater:1087 - Updater busy. Cannot search thirdparties
2024-06-13 08:07:30,278 [INFO] ServerAccessManage:348 - Download File wolfSSL.I-CUBE-wolfMQTT.pdsc
2024-06-13 08:07:31,306 [WARN] MainUpdater:1087 - Updater busy. Cannot search thirdparties
2024-06-13 08:07:32,071 [INFO] MainUpdater:2268 - connection check result : 10
2024-06-13 08:07:33,435 [ERROR] ServerAccessManage:947 - Problem, file not found on Server
2024-06-13 08:07:34,314 [WARN] MainUpdater:1087 - Updater busy. Cannot search thirdparties
2024-06-13 08:07:34,869 [INFO] ServerAccessManage:348 - Download File Cesanta.I-CUBE-Mongoose.pdsc
2024-06-13 08:07:36,722 [WARN] PopulateThirdPartyThread:96 - Error when creating pack: C:/Users/zero100/.stm32cubemx/thirdparties/pdsc/STMicroelectronics.X-CUBE-ALS.pdsc
2024-06-13 08:07:36,785 [INFO] CheckServerUpdateThread:102 - End of CheckServer Thread
2024-06-13 08:07:36,820 [INFO] ThirdPartyDb:299 - Save Third Party DataBase File (C:/Users/zero100/.stm32cubemx/plugins/thirdparty/db/thirdparties_db.xml) [forced]
2024-06-13 08:07:36,879 [INFO] ThirdPartyDb:299 - Save Third Party DataBase File (C:/Users/zero100/.stm32cubemx/plugins/thirdparty/db/thirdparties_db.xml) [forced]
2024-06-13 08:07:36,994 [WARN] PopulateThirdPartyThread:96 - Error when creating pack: C:/Users/zero100/.stm32cubemx/thirdparties/pdsc/Cesanta.I-CUBE-Mongoose.pdsc
2024-06-13 08:07:36,994 [INFO] PopulateThirdPartyThread:50 - Ending populate Thread
2024-06-13 08:07:36,994 [INFO] ThirdPartyDb:299 - Save Third Party DataBase File (C:/Users/zero100/.stm32cubemx/plugins/thirdparty/db/thirdparties_db.xml) [forced]
2024-06-13 08:07:37,078 [INFO] Engine:289 - softwarePackList size : 50
2024-06-13 08:07:37,099 [INFO] Engine:301 - compute dependency for SwPack FP-ATR-ASTRA1 have been done, and update is requested
2024-06-13 08:07:37,124 [INFO] Engine:301 - compute dependency for SwPack FP-ATR-SIGFOX1 have been done, and update is requested
2024-06-13 08:07:37,141 [INFO] ServerAccessManage:348 - Download File mcusDocs.json._tmp_
2024-06-13 08:07:37,149 [INFO] Engine:301 - compute dependency for SwPack X-CUBE-AI have been done, and update is requested
2024-06-13 08:07:37,164 [INFO] Engine:301 - compute dependency for SwPack X-CUBE-ALS have been done, and update is requested
2024-06-13 08:07:37,182 [INFO] Engine:301 - compute dependency for SwPack X-CUBE-BLE1 have been done, and update is requested
2024-06-13 08:07:37,197 [INFO] Engine:301 - compute dependency for SwPack X-CUBE-BLE2 have been done, and update is requested
2024-06-13 08:07:37,232 [INFO] Engine:301 - compute dependency for SwPack X-CUBE-EEPRMA1 have been done, and update is requested
2024-06-13 08:07:37,269 [INFO] Engine:301 - compute dependency for SwPack X-CUBE-GNSS1 have been done, and update is requested
2024-06-13 08:07:37,289 [INFO] Engine:301 - compute dependency for SwPack X-CUBE-ISPU have been done, and update is requested
2024-06-13 08:07:37,318 [WARN] MainUpdater:1087 - Updater busy. Cannot search thirdparties
2024-06-13 08:07:37,343 [INFO] LoadUrlFilesThread:135 - End of LoadUrlFiles Thread
2024-06-13 08:07:37,450 [INFO] ServerAccessManage:348 - Download File mcusFeaturesAndDescription.json._tmp_
2024-06-13 08:07:37,747 [INFO] Engine:301 - compute dependency for SwPack X-CUBE-MEMS1 have been done, and update is requested
2024-06-13 08:07:37,764 [INFO] Engine:301 - compute dependency for SwPack X-CUBE-NFC4 have been done, and update is requested
2024-06-13 08:07:37,774 [INFO] Engine:301 - compute dependency for SwPack X-CUBE-NFC6 have been done, and update is requested
2024-06-13 08:07:37,779 [INFO] Engine:301 - compute dependency for SwPack X-CUBE-NFC7 have been done, and update is requested
2024-06-13 08:07:37,794 [INFO] Engine:301 - compute dependency for SwPack X-CUBE-SFXS2LP1 have been done, and update is requested
2024-06-13 08:07:37,809 [INFO] Engine:301 - compute dependency for SwPack X-CUBE-SUBG2 have been done, and update is requested
2024-06-13 08:07:37,819 [INFO] Engine:305 - compute dependency for SwPack X-CUBE-TOUCHGFX have been done, no update is requested
2024-06-13 08:07:37,819 [INFO] Engine:301 - compute dependency for SwPack X-CUBE-ALGOBUILD have been done, and update is requested
2024-06-13 08:07:37,853 [INFO] Engine:301 - compute dependency for SwPack X-CUBE-AZRTOS-H7 have been done, and update is requested
2024-06-13 08:07:37,873 [INFO] Engine:301 - compute dependency for SwPack X-CUBE-AZRTOS-F4 have been done, and update is requested
2024-06-13 08:07:37,893 [INFO] Engine:301 - compute dependency for SwPack X-CUBE-AZRTOS-F7 have been done, and update is requested
2024-06-13 08:07:37,913 [INFO] Engine:301 - compute dependency for SwPack X-CUBE-AZRTOS-L4 have been done, and update is requested
2024-06-13 08:07:37,923 [ERROR] DependencyParser:1297 - StateRcvOpen_Cte Bad Token : )
2024-06-13 08:07:37,923 [ERROR] DependencyParser:1297 - StateRcvOpen_Cte Bad Token : )
2024-06-13 08:07:37,923 [ERROR] DependencyParser:1297 - StateRcvOpen_Cte Bad Token : )
2024-06-13 08:07:37,923 [ERROR] DependencyParser:1297 - StateRcvOpen_Cte Bad Token : )
2024-06-13 08:07:37,923 [ERROR] DependencyParser:1297 - StateRcvOpen_Cte Bad Token : )
2024-06-13 08:07:37,923 [ERROR] DependencyParser:1297 - StateRcvOpen_Cte Bad Token : )
2024-06-13 08:07:37,923 [ERROR] DependencyParser:1297 - StateRcvOpen_Cte Bad Token : )
2024-06-13 08:07:37,923 [ERROR] DependencyParser:1297 - StateRcvOpen_Cte Bad Token : )
2024-06-13 08:07:37,923 [ERROR] DependencyParser:1297 - StateRcvOpen_Cte Bad Token : )
2024-06-13 08:07:37,923 [ERROR] DependencyParser:1297 - StateRcvOpen_Cte Bad Token : )
2024-06-13 08:07:37,923 [ERROR] DependencyParser:1297 - StateRcvOpen_Cte Bad Token : )
2024-06-13 08:07:37,923 [ERROR] DependencyParser:1297 - StateRcvOpen_Cte Bad Token : )
2024-06-13 08:07:37,923 [ERROR] DependencyParser:1297 - StateRcvOpen_Cte Bad Token : )
2024-06-13 08:07:37,923 [ERROR] DependencyParser:1297 - StateRcvOpen_Cte Bad Token : )
2024-06-13 08:07:37,923 [ERROR] DependencyParser:1297 - StateRcvOpen_Cte Bad Token : )
2024-06-13 08:07:37,923 [ERROR] DependencyParser:1297 - StateRcvOpen_Cte Bad Token : )
2024-06-13 08:07:37,923 [ERROR] DependencyParser:1297 - StateRcvOpen_Cte Bad Token : )
2024-06-13 08:07:37,923 [ERROR] DependencyParser:1297 - StateRcvOpen_Cte Bad Token : )
2024-06-13 08:07:37,923 [ERROR] DependencyParser:1297 - StateRcvOpen_Cte Bad Token : )
2024-06-13 08:07:37,923 [ERROR] DependencyParser:1297 - StateRcvOpen_Cte Bad Token : )
2024-06-13 08:07:37,923 [ERROR] DependencyParser:1297 - StateRcvOpen_Cte Bad Token : )
2024-06-13 08:07:37,923 [ERROR] DependencyParser:1297 - StateRcvOpen_Cte Bad Token : )
2024-06-13 08:07:37,923 [ERROR] DependencyParser:1297 - StateRcvOpen_Cte Bad Token : )
2024-06-13 08:07:37,923 [ERROR] DependencyParser:1297 - StateRcvOpen_Cte Bad Token : )
2024-06-13 08:07:37,923 [ERROR] DependencyParser:1297 - StateRcvOpen_Cte Bad Token : )
2024-06-13 08:07:37,923 [ERROR] DependencyParser:1297 - StateRcvOpen_Cte Bad Token : )
2024-06-13 08:07:37,923 [ERROR] DependencyParser:1297 - StateRcvOpen_Cte Bad Token : )
2024-06-13 08:07:37,923 [ERROR] DependencyParser:1297 - StateRcvOpen_Cte Bad Token : )
2024-06-13 08:07:37,923 [ERROR] DependencyParser:1297 - StateRcvOpen_Cte Bad Token : )
2024-06-13 08:07:37,928 [ERROR] DependencyParser:1297 - StateRcvOpen_Cte Bad Token : )
2024-06-13 08:07:37,928 [ERROR] DependencyParser:1297 - StateRcvOpen_Cte Bad Token : )
2024-06-13 08:07:37,928 [ERROR] DependencyParser:1297 - StateRcvOpen_Cte Bad Token : )
2024-06-13 08:07:37,928 [ERROR] DependencyParser:1297 - StateRcvOpen_Cte Bad Token : )
2024-06-13 08:07:37,928 [ERROR] DependencyParser:1297 - StateRcvOpen_Cte Bad Token : )
2024-06-13 08:07:37,928 [ERROR] DependencyParser:1297 - StateRcvOpen_Cte Bad Token : )
2024-06-13 08:07:37,928 [ERROR] DependencyParser:1297 - StateRcvOpen_Cte Bad Token : )
2024-06-13 08:07:37,928 [ERROR] DependencyParser:1297 - StateRcvOpen_Cte Bad Token : )
2024-06-13 08:07:37,928 [ERROR] DependencyParser:1297 - StateRcvOpen_Cte Bad Token : )
2024-06-13 08:07:37,928 [ERROR] DependencyParser:1297 - StateRcvOpen_Cte Bad Token : )
2024-06-13 08:07:37,928 [ERROR] DependencyParser:1297 - StateRcvOpen_Cte Bad Token : )
2024-06-13 08:07:37,928 [ERROR] DependencyParser:1297 - StateRcvOpen_Cte Bad Token : )
2024-06-13 08:07:37,928 [ERROR] DependencyParser:1297 - StateRcvOpen_Cte Bad Token : )
2024-06-13 08:07:37,928 [ERROR] DependencyParser:1297 - StateRcvOpen_Cte Bad Token : )
2024-06-13 08:07:37,928 [ERROR] DependencyParser:1297 - StateRcvOpen_Cte Bad Token : )
2024-06-13 08:07:37,928 [ERROR] DependencyParser:1297 - StateRcvOpen_Cte Bad Token : )
2024-06-13 08:07:37,928 [ERROR] DependencyParser:1297 - StateRcvOpen_Cte Bad Token : )
2024-06-13 08:07:37,928 [INFO] Engine:305 - compute dependency for SwPack X-CUBE-AZRTOS-L5 have been done, no update is requested
2024-06-13 08:07:37,933 [INFO] Engine:301 - compute dependency for SwPack X-CUBE-AZRTOS-G0 have been done, and update is requested
2024-06-13 08:07:37,951 [INFO] Engine:301 - compute dependency for SwPack X-CUBE-AZRTOS-G4 have been done, and update is requested
2024-06-13 08:07:37,964 [INFO] Engine:301 - compute dependency for SwPack X-CUBE-AZRTOS-WB have been done, and update is requested
2024-06-13 08:07:37,974 [INFO] Engine:301 - compute dependency for SwPack X-CUBE-AZRTOS-WL have been done, and update is requested
2024-06-13 08:07:37,986 [INFO] Engine:301 - compute dependency for SwPack I-CUBE-wolfSSL have been done, and update is requested
2024-06-13 08:07:38,198 [INFO] Engine:301 - compute dependency for SwPack I-CUBE-embOS have been done, and update is requested
2024-06-13 08:07:38,209 [INFO] Engine:301 - compute dependency for SwPack I-Cube-SoM-uGOAL have been done, and update is requested
2024-06-13 08:07:38,219 [INFO] Engine:301 - compute dependency for SwPack I-CUBE-Cesium have been done, and update is requested
2024-06-13 08:07:38,238 [INFO] Engine:305 - compute dependency for SwPack FreeRTOS have been done, no update is requested
2024-06-13 08:07:38,238 [INFO] Engine:305 - compute dependency for SwPack lwIP have been done, no update is requested
2024-06-13 08:07:38,238 [INFO] Engine:305 - compute dependency for SwPack lwIP have been done, no update is requested
2024-06-13 08:07:38,238 [INFO] Engine:305 - compute dependency for SwPack MBEDTLS have been done, no update is requested
2024-06-13 08:07:38,238 [INFO] Engine:305 - compute dependency for SwPack MBEDTLS have been done, no update is requested
2024-06-13 08:07:38,238 [INFO] Engine:305 - compute dependency for SwPack PDM2PCM have been done, no update is requested
2024-06-13 08:07:38,238 [INFO] Engine:305 - compute dependency for SwPack PDM2PCM have been done, no update is requested
2024-06-13 08:07:38,238 [INFO] Engine:305 - compute dependency for SwPack PDM2PCM have been done, no update is requested
2024-06-13 08:07:38,243 [INFO] Engine:305 - compute dependency for SwPack USB_DEVICE have been done, no update is requested
2024-06-13 08:07:38,243 [INFO] Engine:305 - compute dependency for SwPack USB_DEVICE have been done, no update is requested
2024-06-13 08:07:38,243 [INFO] Engine:305 - compute dependency for SwPack USB_DEVICE have been done, no update is requested
2024-06-13 08:07:38,243 [INFO] Engine:305 - compute dependency for SwPack USB_HOST have been done, no update is requested
2024-06-13 08:07:38,243 [INFO] Engine:305 - compute dependency for SwPack USB_HOST have been done, no update is requested
2024-06-13 08:07:38,249 [INFO] Engine:301 - compute dependency for SwPack X-CUBE-AI have been done, and update is requested
2024-06-13 08:07:38,269 [INFO] Engine:301 - compute dependency for SwPack X-CUBE-NFC6 have been done, and update is requested
2024-06-13 08:07:38,289 [INFO] Engine:301 - compute dependency for SwPack X-CUBE-SAFEA1 have been done, and update is requested
2024-06-13 08:07:38,303 [INFO] Engine:305 - compute dependency for SwPack X-CUBE-TOUCHGFX have been done, no update is requested
2024-06-13 08:07:38,314 [INFO] Engine:301 - compute dependency for SwPack X-CUBE-AZRTOS-H7RS have been done, and update is requested
2024-06-13 08:07:38,336 [INFO] Engine:301 - compute dependency for SwPack X-CUBE-ALGOBUILD have been done, and update is requested
2024-06-13 08:07:38,352 [INFO] Engine:301 - compute dependency for SwPack I-CUBE-wolfMQTT have been done, and update is requested
2024-06-13 08:07:38,367 [INFO] ThirdPartyDb:299 - Save Third Party DataBase File (C:/Users/zero100/.stm32cubemx/plugins/thirdparty/db/thirdparties_db.xml) [forced]
2024-06-13 08:07:38,459 [INFO] LoadServerUpdatesThread:309 - End of LoadServerUpdate Thread
2024-06-13 08:07:40,333 [WARN] MainUpdater:1087 - Updater busy. Cannot search thirdparties
2024-06-13 08:07:42,057 [INFO] LoadUrlFilesThread:135 - End of LoadUrlFiles Thread
2024-06-13 08:07:42,170 [INFO] ServerAccessManage:348 - Download File boardsDocs.json._tmp_
2024-06-13 08:07:42,198 [INFO] LoadUrlFilesThread:135 - End of LoadUrlFiles Thread
2024-06-13 08:07:42,318 [INFO] ServerAccessManage:348 - Download File boards.json._tmp_
2024-06-13 08:07:42,544 [INFO] LoadUrlFilesThread:135 - End of LoadUrlFiles Thread
2024-06-13 08:07:42,964 [INFO] ServerAccessManage:348 - Download File cube-finder-db.zip
2024-06-13 08:07:43,341 [WARN] MainUpdater:1087 - Updater busy. Cannot search thirdparties
2024-06-13 08:07:46,342 [WARN] MainUpdater:1087 - Updater busy. Cannot search thirdparties
2024-06-13 08:07:49,345 [WARN] MainUpdater:1087 - Updater busy. Cannot search thirdparties
2024-06-13 08:07:52,346 [WARN] MainUpdater:1087 - Updater busy. Cannot search thirdparties
2024-06-13 08:07:55,358 [WARN] MainUpdater:1087 - Updater busy. Cannot search thirdparties
2024-06-13 08:07:58,359 [WARN] MainUpdater:1087 - Updater busy. Cannot search thirdparties
2024-06-13 08:08:00,472 [INFO] FileExtend:225 - Unzip File : cube-finder-db.zip
2024-06-13 08:08:00,472 [INFO] FileExtend:240 - Standard Zip Deflate
2024-06-13 08:08:01,273 [INFO] LoadUrlFilesThread:135 - End of LoadUrlFiles Thread
2024-06-13 08:08:01,361 [WARN] MainUpdater:1087 - Updater busy. Cannot search thirdparties
2024-06-13 08:08:01,821 [INFO] ServerAccessManage:348 - Download File crdb.zip
2024-06-13 08:08:02,521 [INFO] FileExtend:225 - Unzip File : crdb.zip
2024-06-13 08:08:02,525 [INFO] FileExtend:240 - Standard Zip Deflate
2024-06-13 08:08:02,566 [INFO] LoadUrlFilesThread:135 - End of LoadUrlFiles Thread
2024-06-13 08:08:02,979 [INFO] ServerAccessManage:348 - Download File tutoVideoDB.zip
2024-06-13 08:08:03,090 [INFO] FileExtend:225 - Unzip File : tutoVideoDB.zip
2024-06-13 08:08:03,090 [INFO] FileExtend:240 - Standard Zip Deflate
2024-06-13 08:08:03,124 [INFO] LoadUrlFilesThread:135 - End of LoadUrlFiles Thread
2024-06-13 08:08:03,177 [INFO] DbMcusDocs:145 - JSON generation date=Tue Nov 16 18:17:54 EET 2021 (1637079474)
2024-06-13 08:08:03,177 [INFO] DbMcusXml:100 - Load MCU database from D:\C\PROGRAMS\ST\STM32CubeIDE_1.4.0\STM32CubeIDE\plugins\com.st.stm32cube.common.mx_6.0.0.202007160824\\db\/mcu/families.xml
2024-06-13 08:08:03,850 [INFO] DbMcusJson:92 - JSON generation date=Tue Nov 16 18:17:54 EET 2021 (1637079474)
2024-06-13 08:08:04,777 [INFO] DbMcus:175 - Found 1761 MCUs (1722 are supported by CubeMX, 1911 are visible in CubeMX)
2024-06-13 08:08:04,782 [INFO] ApiDb:201 - Load user favorites file C:\Users\zero100/.stm32cubemx/favorites.mcus.txt: 0 item(s)
2024-06-13 08:08:04,782 [INFO] ApiDb:205 - User favorites MCUs=[]
2024-06-13 08:08:04,782 [INFO] DbMcus:187 - Set 0 / 0 favorites MCUs
2024-06-13 08:08:04,891 [INFO] ThirdPartyDb:299 - Save Third Party DataBase File (C:/Users/zero100/.stm32cubemx/plugins/thirdparty/db/thirdparties_db.xml) [forced]
2024-06-13 08:08:04,911 [INFO] ThirdPartyDb:299 - Save Third Party DataBase File (C:/Users/zero100/.stm32cubemx/plugins/thirdparty/db/thirdparties_db.xml) [forced]
2024-06-13 08:08:04,982 [INFO] IntegrityCheckThread:76 - exiting critical section [integrity check]
2024-06-13 08:08:04,987 [INFO] IntegrityCheckThread:79 - End integrity checks thread
2024-06-13 08:08:05,040 [INFO] DbMcusDocs:81 - Found 682 MCUs documents
2024-06-13 08:08:05,044 [INFO] ApiDb:226 - Save user favorites file C:\Users\zero100/.stm32cubemx/favorites.mcus.txt: 0 item(s)
2024-06-13 08:08:05,044 [INFO] ApiDb:230 - User favorites MCUs=[]
2024-06-13 08:08:05,044 [INFO] DbMcusXml:100 - Load MCU database from D:\C\PROGRAMS\ST\STM32CubeIDE_1.4.0\STM32CubeIDE\plugins\com.st.stm32cube.common.mx_6.0.0.202007160824\\db\/mcu/families.xml
2024-06-13 08:08:05,393 [INFO] DbMcusJson:92 - JSON generation date=Tue Nov 16 18:17:54 EET 2021 (1637079474)
2024-06-13 08:08:06,261 [INFO] DbMcus:175 - Found 1761 MCUs (1722 are supported by CubeMX, 1911 are visible in CubeMX)
2024-06-13 08:08:06,261 [INFO] ApiDb:201 - Load user favorites file C:\Users\zero100/.stm32cubemx/favorites.mcus.txt: 0 item(s)
2024-06-13 08:08:06,261 [INFO] ApiDb:205 - User favorites MCUs=[]
2024-06-13 08:08:06,261 [INFO] DbMcus:187 - Set 0 / 0 favorites MCUs
2024-06-13 08:08:06,299 [INFO] DbBoardsDocs:145 - JSON generation date=Tue Nov 16 18:17:54 EET 2021 (1637079474)
2024-06-13 08:08:06,470 [INFO] DbBoardsPdsc:94 - Found 23 items
2024-06-13 08:08:06,550 [INFO] DbBoardsPdsc:94 - Found 9 items
2024-06-13 08:08:06,565 [INFO] DbBoardsPdsc:94 - Found 29 items
2024-06-13 08:08:06,570 [INFO] DbBoardsPdsc:94 - Found 1 items
2024-06-13 08:08:06,596 [INFO] DbBoardsPdsc:94 - Found 44 items
2024-06-13 08:08:06,616 [INFO] DbBoardsPdsc:94 - Found 40 items
2024-06-13 08:08:06,631 [INFO] DbBoardsPdsc:94 - Found 2 items
2024-06-13 08:08:06,646 [INFO] DbBoardsPdsc:94 - Found 4 items
2024-06-13 08:08:06,651 [WARN] DbBoardsPdsc:258 - Board STM32H7B3I-DK: unknown feature type=Audio, name=, username=Audio stereo codec with Headphone Amp (CS42L51-CNZ), n=1
2024-06-13 08:08:06,651 [WARN] DbBoardsPdsc:258 - Board STM32H735G-DK: unknown feature type=Audio, name=, username=Audio stereo codec with Headphone Amp (WM8994ECS/R), n=1
2024-06-13 08:08:06,651 [WARN] DbBoardsPdsc:258 - Board STM32H7B3I-EVAL: unknown feature type=Audio, name=, username=Multi-Channel Audio Codec (CS42L51-CNZ), n=1
2024-06-13 08:08:06,651 [WARN] DbBoardsPdsc:258 - Board STM32H7B3I-EVAL: unknown feature type=Meter, name=, username=Power-metering and Temperature-monitoring with sigma-delta modulators, n=1
2024-06-13 08:08:06,651 [WARN] DbBoardsPdsc:258 - Board STM32H7B3I-EVAL: unknown feature type=Motor, name=, username=Motor Control, n=1
2024-06-13 08:08:06,685 [INFO] DbBoardsJson:85 - JSON generation date=Tue Nov 16 18:17:54 EET 2021 (1637079474)
2024-06-13 08:08:06,692 [INFO] DbBoards:117 - Found 166 boards (149 are supported by CubeMX)
2024-06-13 08:08:06,694 [INFO] DbBoardsDocs:145 - JSON generation date=Tue Nov 16 18:17:54 EET 2021 (1637079474)
2024-06-13 08:08:06,699 [INFO] DbBoardsDocs:81 - Found 209 boards documents
2024-06-13 08:08:06,702 [WARN] DbBoards:127 - board B-L475E-IOT01A2 has no document id list !
2024-06-13 08:08:06,704 [WARN] DbBoards:127 - board NUCLEO-H743ZI has no document id list !
2024-06-13 08:08:06,706 [WARN] DbBoards:127 - board P-NUCLEO-WB55-Nucleo has no document id list !
2024-06-13 08:08:06,706 [WARN] DbBoards:127 - board P-NUCLEO-WB55-USBDongle has no document id list !
2024-06-13 08:08:06,706 [WARN] DbBoards:127 - board STEVAL-BFA001V1B has no document id list !
2024-06-13 08:08:06,706 [WARN] DbBoards:127 - board STEVAL-BFA001V2B has no document id list !
2024-06-13 08:08:06,706 [WARN] DbBoards:127 - board STEVAL-IDP005V1 has no document id list !
2024-06-13 08:08:06,706 [WARN] DbBoards:127 - board STEVAL-IDP005V2 has no document id list !
2024-06-13 08:08:06,706 [WARN] DbBoards:127 - board STEVAL-MKSBOX1V1 has no document id list !
2024-06-13 08:08:06,706 [WARN] DbBoards:127 - board STEVAL-STWINKT1 has no document id list !
2024-06-13 08:08:06,706 [WARN] DbBoards:127 - board STEVAL-STWINKT1B has no document id list !
2024-06-13 08:08:06,706 [WARN] DbBoards:127 - board STM32439I-EVAL2 has no document id list !
2024-06-13 08:08:06,706 [WARN] DbBoards:127 - board STM32F401C-DISCO has no document id list !
2024-06-13 08:08:06,706 [WARN] DbBoards:127 - board STM32F769I-DISC1 has no document id list !
2024-06-13 08:08:06,706 [WARN] DbBoards:127 - board STM32G474E-EVAL1 has no document id list !
2024-06-13 08:08:06,706 [WARN] DbBoards:127 - board STM32H743I-EVAL2 has no document id list !
2024-06-13 08:08:06,706 [WARN] DbBoards:127 - board STM32H747I-DISC1 has no document id list !
2024-06-13 08:08:06,706 [WARN] DbBoards:127 - board STM32H753I-EVAL2 has no document id list !
2024-06-13 08:08:06,706 [WARN] DbBoards:127 - board STM32L-DISCOVERY has no document id list !
2024-06-13 08:08:06,881 [ERROR] DbBoards:189 - Image file not found for board B-L462E-CELL1: D:\C\PROGRAMS\ST\STM32CubeIDE_1.4.0\STM32CubeIDE\plugins\com.st.stm32cube.common.mx_6.0.0.202007160824\\db\/plugins/mcufinder/images/boards/B-L462E-CELL1_small.jpg
2024-06-13 08:08:06,956 [ERROR] DbBoards:189 - Image file not found for board B-U585I-IOT02A: D:\C\PROGRAMS\ST\STM32CubeIDE_1.4.0\STM32CubeIDE\plugins\com.st.stm32cube.common.mx_6.0.0.202007160824\\db\/plugins/mcufinder/images/boards/B-U585I-IOT02A_small.jpg
2024-06-13 08:08:07,092 [ERROR] DbBoards:189 - Image file not found for board NUCLEO-F413ZH: D:\C\PROGRAMS\ST\STM32CubeIDE_1.4.0\STM32CubeIDE\plugins\com.st.stm32cube.common.mx_6.0.0.202007160824\\db\/plugins/mcufinder/images/boards/nucleo-f413zh_small.jpg
2024-06-13 08:08:07,304 [ERROR] DbBoards:189 - Image file not found for board NUCLEO-L552ZE-Q: D:\C\PROGRAMS\ST\STM32CubeIDE_1.4.0\STM32CubeIDE\plugins\com.st.stm32cube.common.mx_6.0.0.202007160824\\db\/plugins/mcufinder/images/boards/nucleo_l552ze_q_small.jpg
2024-06-13 08:08:07,304 [ERROR] DbBoards:189 - Image file not found for board NUCLEO-U575ZI-Q: D:\C\PROGRAMS\ST\STM32CubeIDE_1.4.0\STM32CubeIDE\plugins\com.st.stm32cube.common.mx_6.0.0.202007160824\\db\/plugins/mcufinder/images/boards/nucleo-u575zi-q_small.jpg
2024-06-13 08:08:07,304 [ERROR] DbBoards:189 - Image file not found for board NUCLEO-WB15CC: D:\C\PROGRAMS\ST\STM32CubeIDE_1.4.0\STM32CubeIDE\plugins\com.st.stm32cube.common.mx_6.0.0.202007160824\\db\/plugins/mcufinder/images/boards/nucleo-wb15cc_small.jpg
2024-06-13 08:08:07,304 [ERROR] DbBoards:189 - Image file not found for board NUCLEO-WB55RG: D:\C\PROGRAMS\ST\STM32CubeIDE_1.4.0\STM32CubeIDE\plugins\com.st.stm32cube.common.mx_6.0.0.202007160824\\db\/plugins/mcufinder/images/boards/nucleo-wb55rg_small.jpg
2024-06-13 08:08:07,304 [ERROR] DbBoards:189 - Image file not found for board NUCLEO-WL55JC: D:\C\PROGRAMS\ST\STM32CubeIDE_1.4.0\STM32CubeIDE\plugins\com.st.stm32cube.common.mx_6.0.0.202007160824\\db\/plugins/mcufinder/images/boards/nucleo-wl55jc-small.jpg
2024-06-13 08:08:07,563 [ERROR] DbBoards:189 - Image file not found for board STEVAL-STWINKT1B: D:\C\PROGRAMS\ST\STM32CubeIDE_1.4.0\STM32CubeIDE\plugins\com.st.stm32cube.common.mx_6.0.0.202007160824\\db\/plugins/mcufinder/images/boards/steval-stwinkt1b_small.jpg
2024-06-13 08:08:08,386 [ERROR] DbBoards:189 - Image file not found for board STM32G0C1E-EV: D:\C\PROGRAMS\ST\STM32CubeIDE_1.4.0\STM32CubeIDE\plugins\com.st.stm32cube.common.mx_6.0.0.202007160824\\db\/plugins/mcufinder/images/boards/stm32g0c1e-eval_small.jpg
2024-06-13 08:08:08,579 [ERROR] DbBoards:189 - Image file not found for board STM32H7B3I-EVAL: D:\C\PROGRAMS\ST\STM32CubeIDE_1.4.0\STM32CubeIDE\plugins\com.st.stm32cube.common.mx_6.0.0.202007160824\\db\/plugins/mcufinder/images/boards/stm32h7b3ieval_small.jpg
2024-06-13 08:08:08,885 [ERROR] DbBoards:189 - Image file not found for board STM32U575I-EV: D:\C\PROGRAMS\ST\STM32CubeIDE_1.4.0\STM32CubeIDE\plugins\com.st.stm32cube.common.mx_6.0.0.202007160824\\db\/plugins/mcufinder/images/boards/stm32u575i-ev_small.jpg
2024-06-13 08:08:08,925 [ERROR] DbBoards:189 - Image file not found for board STM32WB5MM-DK: D:\C\PROGRAMS\ST\STM32CubeIDE_1.4.0\STM32CubeIDE\plugins\com.st.stm32cube.common.mx_6.0.0.202007160824\\db\/plugins/mcufinder/images/boards/STM32WB5MM-DK_small.jpg
2024-06-13 08:08:08,925 [INFO] ApiDb:201 - Load user favorites file C:\Users\zero100/.stm32cubemx/favorites.boards.txt: 0 item(s)
2024-06-13 08:08:08,925 [INFO] ApiDb:205 - User favorites Boards=[]
2024-06-13 08:08:08,925 [INFO] DbBoards:206 - Set 0 / 0 favorites Boards
2024-06-13 08:08:08,925 [INFO] DbBoardsDocs:81 - Found 418 boards documents
2024-06-13 08:08:08,925 [INFO] ApiDb:226 - Save user favorites file C:\Users\zero100/.stm32cubemx/favorites.boards.txt: 0 item(s)
2024-06-13 08:08:08,925 [INFO] ApiDb:230 - User favorites Boards=[]
2024-06-13 08:08:08,925 [INFO] DbBoardsPdsc:94 - Found 23 items
2024-06-13 08:08:08,931 [INFO] DbBoardsPdsc:94 - Found 9 items
2024-06-13 08:08:08,931 [INFO] DbBoardsPdsc:94 - Found 29 items
2024-06-13 08:08:08,931 [INFO] DbBoardsPdsc:94 - Found 1 items
2024-06-13 08:08:08,936 [INFO] DbBoardsPdsc:94 - Found 44 items
2024-06-13 08:08:08,936 [INFO] DbBoardsPdsc:94 - Found 40 items
2024-06-13 08:08:08,941 [INFO] DbBoardsPdsc:94 - Found 2 items
2024-06-13 08:08:08,941 [INFO] DbBoardsPdsc:94 - Found 4 items
2024-06-13 08:08:08,941 [WARN] DbBoardsPdsc:258 - Board STM32H7B3I-DK: unknown feature type=Audio, name=, username=Audio stereo codec with Headphone Amp (CS42L51-CNZ), n=1
2024-06-13 08:08:08,941 [WARN] DbBoardsPdsc:258 - Board STM32H735G-DK: unknown feature type=Audio, name=, username=Audio stereo codec with Headphone Amp (WM8994ECS/R), n=1
2024-06-13 08:08:08,946 [WARN] DbBoardsPdsc:258 - Board STM32H7B3I-EVAL: unknown feature type=Audio, name=, username=Multi-Channel Audio Codec (CS42L51-CNZ), n=1
2024-06-13 08:08:08,946 [WARN] DbBoardsPdsc:258 - Board STM32H7B3I-EVAL: unknown feature type=Meter, name=, username=Power-metering and Temperature-monitoring with sigma-delta modulators, n=1
2024-06-13 08:08:08,946 [WARN] DbBoardsPdsc:258 - Board STM32H7B3I-EVAL: unknown feature type=Motor, name=, username=Motor Control, n=1
2024-06-13 08:08:08,961 [INFO] DbBoardsJson:85 - JSON generation date=Tue Nov 16 18:17:54 EET 2021 (1637079474)
2024-06-13 08:08:08,966 [INFO] DbBoards:117 - Found 166 boards (149 are supported by CubeMX)
2024-06-13 08:08:08,966 [WARN] DbBoards:127 - board B-L475E-IOT01A2 has no document id list !
2024-06-13 08:08:08,966 [WARN] DbBoards:127 - board NUCLEO-H743ZI has no document id list !
2024-06-13 08:08:08,966 [WARN] DbBoards:127 - board P-NUCLEO-WB55-Nucleo has no document id list !
2024-06-13 08:08:08,966 [WARN] DbBoards:127 - board P-NUCLEO-WB55-USBDongle has no document id list !
2024-06-13 08:08:08,966 [WARN] DbBoards:127 - board STEVAL-BFA001V1B has no document id list !
2024-06-13 08:08:08,966 [WARN] DbBoards:127 - board STEVAL-BFA001V2B has no document id list !
2024-06-13 08:08:08,966 [WARN] DbBoards:127 - board STEVAL-IDP005V1 has no document id list !
2024-06-13 08:08:08,966 [WARN] DbBoards:127 - board STEVAL-IDP005V2 has no document id list !
2024-06-13 08:08:08,966 [WARN] DbBoards:127 - board STEVAL-MKSBOX1V1 has no document id list !
2024-06-13 08:08:08,966 [WARN] DbBoards:127 - board STEVAL-STWINKT1 has no document id list !
2024-06-13 08:08:08,966 [WARN] DbBoards:127 - board STEVAL-STWINKT1B has no document id list !
2024-06-13 08:08:08,966 [WARN] DbBoards:127 - board STM32439I-EVAL2 has no document id list !
2024-06-13 08:08:08,971 [WARN] DbBoards:127 - board STM32F401C-DISCO has no document id list !
2024-06-13 08:08:08,971 [WARN] DbBoards:127 - board STM32F769I-DISC1 has no document id list !
2024-06-13 08:08:08,971 [WARN] DbBoards:127 - board STM32G474E-EVAL1 has no document id list !
2024-06-13 08:08:08,971 [WARN] DbBoards:127 - board STM32H743I-EVAL2 has no document id list !
2024-06-13 08:08:08,971 [WARN] DbBoards:127 - board STM32H747I-DISC1 has no document id list !
2024-06-13 08:08:08,971 [WARN] DbBoards:127 - board STM32H753I-EVAL2 has no document id list !
2024-06-13 08:08:08,971 [WARN] DbBoards:127 - board STM32L-DISCOVERY has no document id list !
2024-06-13 08:08:09,001 [ERROR] DbBoards:189 - Image file not found for board B-L462E-CELL1: D:\C\PROGRAMS\ST\STM32CubeIDE_1.4.0\STM32CubeIDE\plugins\com.st.stm32cube.common.mx_6.0.0.202007160824\\db\/plugins/mcufinder/images/boards/B-L462E-CELL1_small.jpg
2024-06-13 08:08:09,028 [ERROR] DbBoards:189 - Image file not found for board B-U585I-IOT02A: D:\C\PROGRAMS\ST\STM32CubeIDE_1.4.0\STM32CubeIDE\plugins\com.st.stm32cube.common.mx_6.0.0.202007160824\\db\/plugins/mcufinder/images/boards/B-U585I-IOT02A_small.jpg
2024-06-13 08:08:09,078 [ERROR] DbBoards:189 - Image file not found for board NUCLEO-F413ZH: D:\C\PROGRAMS\ST\STM32CubeIDE_1.4.0\STM32CubeIDE\plugins\com.st.stm32cube.common.mx_6.0.0.202007160824\\db\/plugins/mcufinder/images/boards/nucleo-f413zh_small.jpg
2024-06-13 08:08:09,185 [ERROR] DbBoards:189 - Image file not found for board NUCLEO-L552ZE-Q: D:\C\PROGRAMS\ST\STM32CubeIDE_1.4.0\STM32CubeIDE\plugins\com.st.stm32cube.common.mx_6.0.0.202007160824\\db\/plugins/mcufinder/images/boards/nucleo_l552ze_q_small.jpg
2024-06-13 08:08:09,185 [ERROR] DbBoards:189 - Image file not found for board NUCLEO-U575ZI-Q: D:\C\PROGRAMS\ST\STM32CubeIDE_1.4.0\STM32CubeIDE\plugins\com.st.stm32cube.common.mx_6.0.0.202007160824\\db\/plugins/mcufinder/images/boards/nucleo-u575zi-q_small.jpg
2024-06-13 08:08:09,185 [ERROR] DbBoards:189 - Image file not found for board NUCLEO-WB15CC: D:\C\PROGRAMS\ST\STM32CubeIDE_1.4.0\STM32CubeIDE\plugins\com.st.stm32cube.common.mx_6.0.0.202007160824\\db\/plugins/mcufinder/images/boards/nucleo-wb15cc_small.jpg
2024-06-13 08:08:09,185 [ERROR] DbBoards:189 - Image file not found for board NUCLEO-WB55RG: D:\C\PROGRAMS\ST\STM32CubeIDE_1.4.0\STM32CubeIDE\plugins\com.st.stm32cube.common.mx_6.0.0.202007160824\\db\/plugins/mcufinder/images/boards/nucleo-wb55rg_small.jpg
2024-06-13 08:08:09,185 [ERROR] DbBoards:189 - Image file not found for board NUCLEO-WL55JC: D:\C\PROGRAMS\ST\STM32CubeIDE_1.4.0\STM32CubeIDE\plugins\com.st.stm32cube.common.mx_6.0.0.202007160824\\db\/plugins/mcufinder/images/boards/nucleo-wl55jc-small.jpg
2024-06-13 08:08:09,266 [ERROR] DbBoards:189 - Image file not found for board STEVAL-STWINKT1B: D:\C\PROGRAMS\ST\STM32CubeIDE_1.4.0\STM32CubeIDE\plugins\com.st.stm32cube.common.mx_6.0.0.202007160824\\db\/plugins/mcufinder/images/boards/steval-stwinkt1b_small.jpg
2024-06-13 08:08:09,427 [ERROR] DbBoards:189 - Image file not found for board STM32G0C1E-EV: D:\C\PROGRAMS\ST\STM32CubeIDE_1.4.0\STM32CubeIDE\plugins\com.st.stm32cube.common.mx_6.0.0.202007160824\\db\/plugins/mcufinder/images/boards/stm32g0c1e-eval_small.jpg
2024-06-13 08:08:09,475 [ERROR] DbBoards:189 - Image file not found for board STM32H7B3I-EVAL: D:\C\PROGRAMS\ST\STM32CubeIDE_1.4.0\STM32CubeIDE\plugins\com.st.stm32cube.common.mx_6.0.0.202007160824\\db\/plugins/mcufinder/images/boards/stm32h7b3ieval_small.jpg
2024-06-13 08:08:09,574 [ERROR] DbBoards:189 - Image file not found for board STM32U575I-EV: D:\C\PROGRAMS\ST\STM32CubeIDE_1.4.0\STM32CubeIDE\plugins\com.st.stm32cube.common.mx_6.0.0.202007160824\\db\/plugins/mcufinder/images/boards/stm32u575i-ev_small.jpg
2024-06-13 08:08:09,592 [ERROR] DbBoards:189 - Image file not found for board STM32WB5MM-DK: D:\C\PROGRAMS\ST\STM32CubeIDE_1.4.0\STM32CubeIDE\plugins\com.st.stm32cube.common.mx_6.0.0.202007160824\\db\/plugins/mcufinder/images/boards/STM32WB5MM-DK_small.jpg
2024-06-13 08:08:09,592 [INFO] ApiDb:201 - Load user favorites file C:\Users\zero100/.stm32cubemx/favorites.boards.txt: 0 item(s)
2024-06-13 08:08:09,592 [INFO] ApiDb:205 - User favorites Boards=[]
2024-06-13 08:08:09,592 [INFO] DbBoards:206 - Set 0 / 0 favorites Boards
2024-06-13 08:08:10,463 [INFO] DbExamplesSqlite:156 - SQLite db open (C:\Users\zero100\.stmcufinder\plugins\mcufinder\mcu\cube-finder-db.db)
2024-06-13 08:08:11,283 [INFO] DbExamplesSqlite:447 - Ignored 0 examples not supported by CubeIDE
2024-06-13 08:08:11,283 [INFO] DbExamplesSqlite:448 - Found 8158 examples active
2024-06-13 08:08:11,283 [INFO] DbExamplesSqlite:449 - Found 874 examples obsolete
2024-06-13 08:08:11,283 [INFO] DbExamplesSqlite:450 - Found 0 examples under development
2024-06-13 08:08:11,283 [INFO] DbExamplesSqlite:451 - Found 10 examples not building
2024-06-13 08:08:11,348 [INFO] DbExamplesSqlite:130 - SQLite Data Model version=2.1
2024-06-13 08:08:11,348 [INFO] DbExamplesSqlite:131 - SQLite Configuration version=3.0.39
2024-06-13 08:08:11,348 [INFO] DbExamplesSqlite:132 - SQLite generation date=2024-05-16 (1715872938)
2024-06-13 08:08:11,348 [INFO] DbExamplesSqlite:133 - SQLite FW Pack versions=[FP-ATR-ASTRA1_V2.0.0, FP-SNS-FLIGHT1_V5.0.1, FP-SNS-FLIGHT1_V5.0.2, FP-SNS-MOTENV1_V4.3.1, FP-SNS-MOTENV1_V4.3.2, FP-SNS-MOTENV1_V5.0.0, FP-SNS-MOTENVWB1_V1.4.0, FP-SNS-SMARTAG2_V1.2.0, STM32Cube_FW_C0_V1.1.0, STM32Cube_FW_F4_V1.28.0, STM32Cube_FW_F7_V1.17.0, STM32Cube_FW_G0_V1.6.2, STM32Cube_FW_G4_V1.5.2, STM32Cube_FW_H5_V0.5.1, STM32Cube_FW_H5_V1.1.1, STM32Cube_FW_H5_V1.2.0, STM32Cube_FW_H5_V1.2.0RC4, STM32Cube_FW_H7RS_V1.0.0, STM32Cube_FW_H7RS_V1.0.0RC4, STM32Cube_FW_H7_V1.11.0, STM32Cube_FW_L0_V1.12.2, STM32Cube_FW_L5_V1.5.1, STM32Cube_FW_U0_V1.0.0, STM32Cube_FW_U0_V1.0.0RC1, STM32Cube_FW_U5_V1.3.0RC4, STM32Cube_FW_U5_V1.5.0, STM32Cube_FW_U5_V1.5.0RC1, STM32Cube_FW_WBA_V1.0.0RC1, STM32Cube_FW_WBA_V1.2.0, STM32Cube_FW_WBA_V1.2.0RC2, STM32Cube_FW_WBA_V1.3.0, STM32Cube_FW_WBA_V1.3.0RC1, STM32Cube_FW_WB_V1.15.0RC1, STM32Cube_FW_WB_V1.16.0, STM32Cube_FW_WB_V1.16.0RC2, STM32Cube_FW_WB_V1.18.0, STM32Cube_FW_WB_V1.19.0, STM32Cube_FW_WL_V1.3.0, X-CUBE-ALGOBUILD_V1.4.0, X-CUBE-ALS_V1.0.1, X-CUBE-AZRTOS-F4_V1.1.0, X-CUBE-AZRTOS-F7_V1.1.0, X-CUBE-AZRTOS-G0_V1.1.0, X-CUBE-AZRTOS-G4_V2.0.0, X-CUBE-AZRTOS-H7_V3.2.0, X-CUBE-AZRTOS-L4_V1.0.0, X-CUBE-AZRTOS-L4_V2.0.0, X-CUBE-AZRTOS-L5_V1.1.0, X-CUBE-AZRTOS-WB_V2.0.0, X-CUBE-AZRTOS-WL_V2.0.0, X-CUBE-BLE1_V7.0.0, X-CUBE-BLE2_V3.3.0, X-CUBE-BLEMGR_V3.1.0, X-CUBE-EEPRMA1_V4.1.0, X-CUBE-EEPRMA1_V5.1.0, X-CUBE-FREERTOS_V1.1.0, X-CUBE-GNSS1_V6.0.0, X-CUBE-MEMS1_V10.0.0, X-CUBE-MEMS1_V9.1.0, X-CUBE-MEMS1_V9.4.0, X-CUBE-MEMS1_V9.6.0, X-CUBE-NFC4_V3.0.0, X-CUBE-NFC7_V1.0.1, X-CUBE-SFXS2LP1_V4.0.0, X-CUBE-SUBG2_V5.0.0, X-CUBE-TOF1_V3.4.0]
2024-06-13 08:08:11,348 [INFO] DbExamples:123 - Found 8168 examples
2024-06-13 08:08:11,881 [ERROR] DbExamples:199 - Found 8168 examples with invalid data (board or MCU)
2024-06-13 08:08:12,032 [INFO] DbExamples:215 - Found 77 boards with related examples
2024-06-13 08:08:12,032 [INFO] DbExamples:228 - Found 0 MCUs with related examples
2024-06-13 08:08:12,050 [INFO] ApiDb:192 - User favorites file not found: C:\Users\zero100/.stm32cubemx/favorites.examples.txt
2024-06-13 08:08:12,050 [INFO] DbExamples:249 - Set 0 / 0 favorites Examples
2024-06-13 08:08:12,587 [INFO] McuFinderGlobals:40 - Set McuFinder mode to 2 (CubeIDE integrated)
2024-06-13 08:08:12,791 [INFO] CrossSelectorPresenter:1330 - Cross Selector saved comparison directory: C:\Users\zero100\.stmcufinder\plugins\mcufinder\mcu\cs_comparisons_mx
2024-06-13 08:08:12,806 [INFO] MultiScanPanel:193 - Auto-refresh data requested => check proxy status ongoing
2024-06-13 08:08:12,811 [INFO] FinderPluginLoader:87 - Searching for filters in installed packs
2024-06-13 08:08:13,654 [INFO] LoadUrlFilesThread:162 - End of LoadServerUrlFiles without Thread
2024-06-13 08:08:13,659 [INFO] DetailPanel:331 - Set advertising image to C:/Users/zero100/STM32Cube/Repository/\stm32cubemx-promo_image.jpg
2024-06-13 08:08:14,091 [INFO] McuFilterPanel:245 - Update 0 favorites MCUs
2024-06-13 08:08:56,370 [INFO] LogOutputStream:76 - [STDOUT_REDIRECT] withoutVersionV1.8.4
2024-06-13 08:08:56,375 [INFO] LogOutputStream:76 - [STDOUT_REDIRECT] withoutVersionV1.8.3
2024-06-13 08:08:56,375 [INFO] LogOutputStream:76 - [STDOUT_REDIRECT] withoutVersionV1.8.2
2024-06-13 08:08:56,375 [INFO] LogOutputStream:76 - [STDOUT_REDIRECT] withoutVersionV1.8.1
2024-06-13 08:08:56,375 [INFO] LogOutputStream:76 - [STDOUT_REDIRECT] withoutVersionV1.8.0
2024-06-13 08:09:03,805 [INFO] ApiDb:226 - Save user favorites file C:\Users\zero100/.stm32cubeide/favorites.mcus.txt: 0 item(s)
2024-06-13 08:09:03,805 [INFO] ApiDb:230 - User favorites MCUs=[]
2024-06-17 12:34:10,742 [INFO] Activator:178 - 


2024-06-17 12:34:10,786 [INFO] Activator:179 - !SESSION log4j initialized
2024-06-18 13:53:46,354 [INFO] Activator:178 - 


2024-06-18 13:53:46,414 [INFO] Activator:179 - !SESSION log4j initialized
2024-06-18 17:58:54,215 [INFO] Activator:178 - 


2024-06-18 17:58:54,220 [INFO] Activator:179 - !SESSION log4j initialized
2024-06-18 20:08:10,571 [INFO] Activator:178 - 


2024-06-18 20:08:10,571 [INFO] Activator:179 - !SESSION log4j initialized
2024-06-30 09:26:20,007 [INFO] Activator:178 - 


2024-06-30 09:26:20,028 [INFO] Activator:179 - !SESSION log4j initialized
2024-07-02 11:28:16,934 [INFO] Activator:178 - 


2024-07-02 11:28:16,989 [INFO] Activator:179 - !SESSION log4j initialized
2024-07-02 15:09:05,494 [INFO] Activator:178 - 


2024-07-02 15:09:05,502 [INFO] Activator:179 - !SESSION log4j initialized
2024-07-03 14:42:18,054 [INFO] Activator:178 - 


2024-07-03 14:42:18,120 [INFO] Activator:179 - !SESSION log4j initialized
2024-07-04 13:38:43,069 [INFO] Activator:178 - 


2024-07-04 13:38:43,131 [INFO] Activator:179 - !SESSION log4j initialized
2024-07-04 21:03:00,605 [INFO] Activator:178 - 


2024-07-04 21:03:00,642 [INFO] Activator:179 - !SESSION log4j initialized
